<?xml version="1.0" encoding="UTF-8"?>
<testsuite name="org.ababup1192.HelloTest" tests="1" skipped="0" failures="0" errors="0" timestamp="2017-02-22T13:35:52" hostname="c547aee3-d6c2-44bd-612d-76928d98d15c" time="0.01">
  <properties/>
  <testcase name="passedTest" classname="org.ababup1192.HelloTest" time="0.01"/>
  <system-out><![CDATA[]]></system-out>
  <system-err><![CDATA[]]></system-err>
</testsuite>
