<?xml version="1.0" encoding="UTF-8"?>
<testsuite name="org.ababup1192.HelloTest" tests="1" skipped="0" failures="0" errors="0" timestamp="2017-02-22T14:13:09" hostname="4ae4d28d-5295-4a89-5e9f-a61f7aaea493" time="0.004">
  <properties/>
  <testcase name="passedTest" classname="org.ababup1192.HelloTest" time="0.004"/>
  <system-out><![CDATA[]]></system-out>
  <system-err><![CDATA[]]></system-err>
</testsuite>
