<?xml version="1.0" encoding="UTF-8"?>
<testsuite name="org.ababup1192.HelloTest" tests="1" skipped="0" failures="0" errors="0" timestamp="2017-02-22T13:30:39" hostname="44f94878-94d3-4efe-7a96-138b383e27d4" time="0.001">
  <properties/>
  <testcase name="passedTest" classname="org.ababup1192.HelloTest" time="0.001"/>
  <system-out><![CDATA[]]></system-out>
  <system-err><![CDATA[]]></system-err>
</testsuite>
