<?xml version="1.0" encoding="UTF-8"?>
<testsuite name="org.ababup1192.HelloTest" tests="1" skipped="0" failures="0" errors="0" timestamp="2017-02-22T13:32:53" hostname="7c750cf2-81c8-4fc2-71a1-7f0d46fe4576" time="0.002">
  <properties/>
  <testcase name="passedTest" classname="org.ababup1192.HelloTest" time="0.002"/>
  <system-out><![CDATA[]]></system-out>
  <system-err><![CDATA[]]></system-err>
</testsuite>
