<?xml version="1.0" encoding="UTF-8"?>
<testsuite name="org.ababup1192.HelloTest" tests="1" skipped="0" failures="0" errors="0" timestamp="2017-02-22T13:38:08" hostname="5f7d18f3-39b9-44f6-4806-5d0adc911d10" time="0.006">
  <properties/>
  <testcase name="passedTest" classname="org.ababup1192.HelloTest" time="0.006"/>
  <system-out><![CDATA[]]></system-out>
  <system-err><![CDATA[]]></system-err>
</testsuite>
