<?xml version="1.0" encoding="UTF-8"?>
<testsuite name="org.ababup1192.HelloTest" tests="1" skipped="0" failures="0" errors="0" timestamp="2017-02-22T13:45:21" hostname="fad1f549-2bd5-4174-4f3c-796dcee3e84e" time="0.001">
  <properties/>
  <testcase name="passedTest" classname="org.ababup1192.HelloTest" time="0.001"/>
  <system-out><![CDATA[]]></system-out>
  <system-err><![CDATA[]]></system-err>
</testsuite>
