<?xml version="1.0" encoding="UTF-8"?>
<testsuite name="org.ababup1192.HelloTest" tests="1" skipped="0" failures="0" errors="0" timestamp="2017-02-22T14:18:19" hostname="b5d33418-8f62-4b7c-5a0a-813ce5cc79c2" time="0.001">
  <properties/>
  <testcase name="passedTest" classname="org.ababup1192.HelloTest" time="0.001"/>
  <system-out><![CDATA[]]></system-out>
  <system-err><![CDATA[]]></system-err>
</testsuite>
