<?xml version="1.0" encoding="UTF-8"?>
<testsuite name="org.ababup1192.HelloTest" tests="1" skipped="0" failures="0" errors="0" timestamp="2017-02-22T13:57:39" hostname="2d176a68-00e1-400f-6c88-4a67e7039eac" time="0.012">
  <properties/>
  <testcase name="passedTest" classname="org.ababup1192.HelloTest" time="0.012"/>
  <system-out><![CDATA[]]></system-out>
  <system-err><![CDATA[]]></system-err>
</testsuite>
