<?xml version="1.0" encoding="UTF-8"?>
<testsuite name="org.ababup1192.HelloTest" tests="1" skipped="0" failures="0" errors="0" timestamp="2017-02-22T14:11:08" hostname="e2b189a9-dc33-4ded-6f9b-2e36efa012d1" time="0.003">
  <properties/>
  <testcase name="passedTest" classname="org.ababup1192.HelloTest" time="0.003"/>
  <system-out><![CDATA[]]></system-out>
  <system-err><![CDATA[]]></system-err>
</testsuite>
