<?xml version="1.0" encoding="UTF-8"?>
<testsuite name="org.ababup1192.HelloTest" tests="1" skipped="0" failures="0" errors="0" timestamp="2017-02-22T13:39:10" hostname="6ef2fe09-32fd-452a-72cf-bb8c67fcf9b7" time="0.004">
  <properties/>
  <testcase name="passedTest" classname="org.ababup1192.HelloTest" time="0.004"/>
  <system-out><![CDATA[]]></system-out>
  <system-err><![CDATA[]]></system-err>
</testsuite>
