<?xml version="1.0" encoding="UTF-8"?>
<testsuite name="org.ababup1192.HelloTest" tests="1" skipped="0" failures="0" errors="0" timestamp="2017-02-22T13:51:32" hostname="b07cf1d3-7a20-45ee-4bc7-2bff95b57432" time="0.012">
  <properties/>
  <testcase name="passedTest" classname="org.ababup1192.HelloTest" time="0.012"/>
  <system-out><![CDATA[]]></system-out>
  <system-err><![CDATA[]]></system-err>
</testsuite>
