<?xml version="1.0" encoding="UTF-8"?>
<testsuite name="org.ababup1192.HelloTest" tests="1" skipped="0" failures="0" errors="0" timestamp="2017-02-22T13:21:42" hostname="62e60820-3880-4537-5e85-34f85c046d13" time="0.0">
  <properties/>
  <testcase name="passedTest" classname="org.ababup1192.HelloTest" time="0.0"/>
  <system-out><![CDATA[]]></system-out>
  <system-err><![CDATA[]]></system-err>
</testsuite>
