<?xml version="1.0" encoding="UTF-8"?>
<testsuite name="org.ababup1192.HelloTest" tests="1" skipped="0" failures="0" errors="0" timestamp="2017-02-22T14:04:54" hostname="81028d7d-c881-4bbb-45cb-34c260c1fd8d" time="0.008">
  <properties/>
  <testcase name="passedTest" classname="org.ababup1192.HelloTest" time="0.008"/>
  <system-out><![CDATA[]]></system-out>
  <system-err><![CDATA[]]></system-err>
</testsuite>
